<?xml version="1.0" encoding="UTF-8"?>
<coverage generated="1663097945630" clover="3.2.0">
  <project timestamp="1663097945630" name="All files">
    <metrics statements="18" coveredstatements="18" conditionals="3" coveredconditionals="3" methods="2" coveredmethods="2" elements="23" coveredelements="23" complexity="0" loc="18" ncloc="18" packages="1" files="2" classes="2"/>
    <file name="app.css" path="/Users/tompastor/Documents/Code/dev/react-starter-ts/src/components/app/app.css">
      <metrics statements="6" coveredstatements="6" conditionals="2" coveredconditionals="2" methods="1" coveredmethods="1"/>
      <line num="1" count="1" type="cond" truecount="2" falsecount="0"/>
      <line num="2" count="1" type="stmt"/>
      <line num="3" count="1" type="stmt"/>
      <line num="4" count="1" type="stmt"/>
      <line num="5" count="1" type="stmt"/>
      <line num="6" count="1" type="stmt"/>
    </file>
    <file name="app.tsx" path="/Users/tompastor/Documents/Code/dev/react-starter-ts/src/components/app/app.tsx">
      <metrics statements="12" coveredstatements="12" conditionals="1" coveredconditionals="1" methods="1" coveredmethods="1"/>
      <line num="1" count="1" type="stmt"/>
      <line num="2" count="1" type="stmt"/>
      <line num="3" count="1" type="stmt"/>
      <line num="4" count="2" type="cond" truecount="1" falsecount="0"/>
      <line num="5" count="2" type="stmt"/>
      <line num="6" count="2" type="stmt"/>
      <line num="7" count="2" type="stmt"/>
      <line num="8" count="2" type="stmt"/>
      <line num="9" count="2" type="stmt"/>
      <line num="10" count="2" type="stmt"/>
      <line num="11" count="1" type="stmt"/>
      <line num="12" count="1" type="stmt"/>
    </file>
  </project>
</coverage>
